<?xml version="1.0" encoding="UTF-8"?>
<testsuite name="TestSuite" time="60.694" tests="3" errors="0" skipped="0" failures="3">
  <properties>
    <property name="java.runtime.name" value="Java(TM) SE Runtime Environment"/>
    <property name="sun.boot.library.path" value="C:\Program Files\Java\jdk1.8.0_25\jre\bin"/>
    <property name="java.vm.version" value="25.25-b02"/>
    <property name="java.vm.vendor" value="Oracle Corporation"/>
    <property name="java.vendor.url" value="http://java.oracle.com/"/>
    <property name="path.separator" value=";"/>
    <property name="guice.disable.misplaced.annotation.check" value="true"/>
    <property name="java.vm.name" value="Java HotSpot(TM) 64-Bit Server VM"/>
    <property name="file.encoding.pkg" value="sun.io"/>
    <property name="user.script" value=""/>
    <property name="user.country" value="IN"/>
    <property name="sun.java.launcher" value="SUN_STANDARD"/>
    <property name="sun.os.patch.level" value=""/>
    <property name="java.vm.specification.name" value="Java Virtual Machine Specification"/>
    <property name="user.dir" value="D:\web-uiautomation"/>
    <property name="java.runtime.version" value="1.8.0_25-b18"/>
    <property name="java.awt.graphicsenv" value="sun.awt.Win32GraphicsEnvironment"/>
    <property name="java.endorsed.dirs" value="C:\Program Files\Java\jdk1.8.0_25\jre\lib\endorsed"/>
    <property name="os.arch" value="amd64"/>
    <property name="java.io.tmpdir" value="C:\Users\JALURA~1\AppData\Local\Temp\"/>
    <property name="line.separator" value="&#10;"/>
    <property name="java.vm.specification.vendor" value="Oracle Corporation"/>
    <property name="user.variant" value=""/>
    <property name="os.name" value="Windows 8.1"/>
    <property name="classworlds.conf" value="D:\apache-maven-3.2.5\bin\m2.conf"/>
    <property name="sun.jnu.encoding" value="Cp1252"/>
    <property name="java.library.path" value="C:\Program Files\Java\jdk1.8.0_25\bin;C:\Windows\Sun\Java\bin;C:\Windows\system32;C:\Windows;C:\ProgramData\Oracle\Java\javapath;C:\Windows\system32;C:\Windows;C:\Windows\System32\Wbem;C:\Windows\System32\WindowsPowerShell\v1.0\;C:\Program Files\Hewlett-Packard\SimplePass\;C:\Program Files (x86)\Windows Live\Shared;C:\Program Files\Java\jdk1.8.0_25\bin;D:\apache-maven-3.2.5\bin;C:\Program Files (x86)\Skype\Phone\;C:\Program Files (x86)\MySQL\MySQL Fabric 1.5.4 &amp; MySQL Utilities 1.5.4 1.5\;C:\Program Files (x86)\MySQL\MySQL Fabric 1.5.4 &amp; MySQL Utilities 1.5.4 1.5\Doctrine extensions for PHP\;C:\Program Files\TortoiseGit\bin;."/>
    <property name="java.specification.name" value="Java Platform API Specification"/>
    <property name="java.class.version" value="52.0"/>
    <property name="sun.management.compiler" value="HotSpot 64-Bit Tiered Compilers"/>
    <property name="os.version" value="6.3"/>
    <property name="user.home" value="C:\Users\Jalu Ram Matoria"/>
    <property name="user.timezone" value="Asia/Calcutta"/>
    <property name="java.awt.printerjob" value="sun.awt.windows.WPrinterJob"/>
    <property name="java.specification.version" value="1.8"/>
    <property name="file.encoding" value="Cp1252"/>
    <property name="user.name" value="Jalu Ram Matoria"/>
    <property name="java.class.path" value="D:\apache-maven-3.2.5\boot\plexus-classworlds-2.5.2.jar"/>
    <property name="java.vm.specification.version" value="1.8"/>
    <property name="sun.arch.data.model" value="64"/>
    <property name="java.home" value="C:\Program Files\Java\jdk1.8.0_25\jre"/>
    <property name="sun.java.command" value="org.codehaus.plexus.classworlds.launcher.Launcher test"/>
    <property name="java.specification.vendor" value="Oracle Corporation"/>
    <property name="user.language" value="en"/>
    <property name="awt.toolkit" value="sun.awt.windows.WToolkit"/>
    <property name="java.vm.info" value="mixed mode"/>
    <property name="java.version" value="1.8.0_25"/>
    <property name="java.ext.dirs" value="C:\Program Files\Java\jdk1.8.0_25\jre\lib\ext;C:\Windows\Sun\Java\lib\ext"/>
    <property name="sun.boot.class.path" value="C:\Program Files\Java\jdk1.8.0_25\jre\lib\resources.jar;C:\Program Files\Java\jdk1.8.0_25\jre\lib\rt.jar;C:\Program Files\Java\jdk1.8.0_25\jre\lib\sunrsasign.jar;C:\Program Files\Java\jdk1.8.0_25\jre\lib\jsse.jar;C:\Program Files\Java\jdk1.8.0_25\jre\lib\jce.jar;C:\Program Files\Java\jdk1.8.0_25\jre\lib\charsets.jar;C:\Program Files\Java\jdk1.8.0_25\jre\lib\jfr.jar;C:\Program Files\Java\jdk1.8.0_25\jre\classes"/>
    <property name="sun.stderr.encoding" value="cp437"/>
    <property name="java.vendor" value="Oracle Corporation"/>
    <property name="maven.home" value="D:\apache-maven-3.2.5"/>
    <property name="file.separator" value="\"/>
    <property name="java.vendor.url.bug" value="http://bugreport.sun.com/bugreport/"/>
    <property name="sun.cpu.endian" value="little"/>
    <property name="sun.io.unicode.encoding" value="UnicodeLittle"/>
    <property name="sun.stdout.encoding" value="cp437"/>
    <property name="sun.desktop" value="windows"/>
    <property name="sun.cpu.isalist" value="amd64"/>
  </properties>
  <testcase name="buy3CheckoutTest" classname="com.totalgarciniadiscount.automation.Buy3CheckoutTest" time="21.63">
    <failure message="Unsucessful Transaction " type="java.lang.AssertionError">java.lang.AssertionError: Unsucessful Transaction 
	at org.testng.Assert.fail(Assert.java:94)
	at com.totalgarciniadiscount.automation.Buy3CheckoutTest.buy3CheckoutTest(Buy3CheckoutTest.java:95)
</failure>
    <system-out><![CDATA[Retrieving object of type 'link' and value 'Purchase' from the object map
Retrieving object of type 'link' and value 'Purchase' from the object map
Retrieving object of type 'xpath' and value 'html/body/div[2]/div/div[1]/div[1]/a/img' from the object map
Retrieving object of type 'xpath' and value 'html/body/div[2]/div/div[1]/div[1]/a/img' from the object map
Retrieving object of type 'xpath' and value 'html/body/div[2]/div/div[1]/div[1]/a/img' from the object map
Retrieving object of type 'id' and value 'fields_fname' from the object map
Retrieving object of type 'id' and value 'fields_fname' from the object map
Retrieving object of type 'id' and value 'fields_fname' from the object map
Retrieving object of type 'id' and value 'fields_lname' from the object map
Retrieving object of type 'id' and value 'fields_lname' from the object map
Retrieving object of type 'id' and value 'fields_lname' from the object map
Retrieving object of type 'xpath' and value 'html/body/div[2]/div[1]/div[1]/div[1]/div/form/div[1]/div/div[1]/div[3]/input[1] ' from the object map
Retrieving object of type 'xpath' and value 'html/body/div[2]/div[1]/div[1]/div[1]/div/form/div[1]/div/div[1]/div[3]/input[1] ' from the object map
Retrieving object of type 'xpath' and value 'html/body/div[2]/div[1]/div[1]/div[1]/div/form/div[1]/div/div[1]/div[3]/input[1] ' from the object map
Retrieving object of type 'xpath' and value 'html/body/div[2]/div[1]/div[1]/div[1]/div/form/div[1]/div/div[1]/div[4]/input  ' from the object map
Retrieving object of type 'xpath' and value 'html/body/div[2]/div[1]/div[1]/div[1]/div/form/div[1]/div/div[1]/div[4]/input  ' from the object map
Retrieving object of type 'xpath' and value 'html/body/div[2]/div[1]/div[1]/div[1]/div/form/div[1]/div/div[1]/div[4]/input  ' from the object map
Retrieving object of type 'xpath' and value 'html/body/div[2]/div[1]/div[1]/div[1]/div/form/div[1]/div/div[1]/div[5]/div[1]/select' from the object map
Retrieving object of type 'xpath' and value 'html/body/div[2]/div[1]/div[1]/div[1]/div/form/div[1]/div/div[1]/div[5]/div[2]/input' from the object map
Retrieving object of type 'xpath' and value 'html/body/div[2]/div[1]/div[1]/div[1]/div/form/div[1]/div/div[1]/div[5]/div[2]/input' from the object map
Retrieving object of type 'xpath' and value 'html/body/div[2]/div[1]/div[1]/div[1]/div/form/div[1]/div/div[1]/div[5]/div[2]/input' from the object map
Retrieving object of type 'xpath' and value 'html/body/div[2]/div[1]/div[1]/div[1]/div/form/div[1]/div/div[1]/div[6]/div[1]/input' from the object map
Retrieving object of type 'xpath' and value 'html/body/div[2]/div[1]/div[1]/div[1]/div/form/div[1]/div/div[1]/div[6]/div[1]/input' from the object map
Retrieving object of type 'xpath' and value 'html/body/div[2]/div[1]/div[1]/div[1]/div/form/div[1]/div/div[1]/div[6]/div[1]/input' from the object map
Retrieving object of type 'xpath' and value 'html/body/div[2]/div[1]/div[1]/div[1]/div/form/div[1]/div/div[1]/div[6]/div[2]/input' from the object map
Retrieving object of type 'xpath' and value 'html/body/div[2]/div[1]/div[1]/div[1]/div/form/div[1]/div/div[1]/div[6]/div[2]/input' from the object map
Retrieving object of type 'xpath' and value 'html/body/div[2]/div[1]/div[1]/div[1]/div/form/div[1]/div/div[1]/div[6]/div[2]/input' from the object map
Retrieving object of type 'xpath' and value 'html/body/div[2]/div[1]/div[1]/div[1]/div/form/div[2]/div/div[1]/div[1]/div[3]/div[1]/div[1]/input' from the object map
Retrieving object of type 'xpath' and value 'html/body/div[2]/div[1]/div[1]/div[1]/div/form/div[2]/div/div[1]/div[1]/div[3]/div[1]/div[1]/input' from the object map
Retrieving object of type 'xpath' and value 'html/body/div[2]/div[1]/div[1]/div[1]/div/form/div[2]/div/div[1]/div[1]/div[3]/div[1]/div[1]/input' from the object map
Retrieving object of type 'xpath' and value 'html/body/div[2]/div[1]/div[1]/div[1]/div/form/div[2]/div/div[1]/div[1]/div[3]/div[2]/div[1]/select' from the object map
Retrieving object of type 'xpath' and value 'html/body/div[2]/div[1]/div[1]/div[1]/div/form/div[2]/div/div[1]/div[1]/div[3]/div[1]/div[2]/div[1]/select' from the object map
Retrieving object of type 'xpath' and value ' html/body/div[2]/div[1]/div[1]/div[1]/div/form/div[2]/div/div[1]/div[1]/div[3]/div[1]/div[2]/div[2]/select' from the object map
Retrieving object of type 'xpath' and value 'html/body/div[2]/div[1]/div[1]/div[1]/div/form/div[2]/div/div[1]/div[1]/div[3]/div[2]/div[2]/div[1]/input' from the object map
Retrieving object of type 'xpath' and value 'html/body/div[2]/div[1]/div[1]/div[1]/div/form/div[2]/div/div[1]/div[1]/div[3]/div[2]/div[2]/div[1]/input' from the object map
Retrieving object of type 'xpath' and value 'html/body/div[2]/div[1]/div[1]/div[1]/div/form/div[2]/div/div[1]/div[1]/div[3]/div[2]/div[2]/div[1]/input' from the object map
Retrieving object of type 'xpath' and value 'html/body/div[2]/div[1]/div[1]/div[1]/div/form/div[2]/div/div[2]/div[2]/input' from the object map
Retrieving object of type 'xpath' and value 'html/body/div[2]/div[1]/div[1]/div[1]/div/form/div[2]/div/div[2]/div[2]/input' from the object map
Retrieving object of type 'xpath' and value 'html/body/div[2]/div[1]/div[1]/div[1]/div/form/div[2]/div/div[2]/div[1]/div/a' from the object map
Retrieving object of type 'xpath' and value 'html/body/div[2]/div[1]/div[1]/div[1]/div/form/div[2]/div/div[2]/div[1]/div/a' from the object map
Retrieving object of type 'xpath' and value 'html/body/div[2]/div[1]/div[2]/div/div[2]' from the object map
]]></system-out>
  </testcase>
  <testcase name="buy2CheckoutTest" classname="com.totalgarciniadiscount.automation.Buy2CheckoutTest" time="21.244">
    <failure message="Unsucessful Transaction" type="java.lang.AssertionError">java.lang.AssertionError: Unsucessful Transaction
	at org.testng.Assert.fail(Assert.java:94)
	at com.totalgarciniadiscount.automation.Buy2CheckoutTest.buy2CheckoutTest(Buy2CheckoutTest.java:96)
</failure>
    <system-out><![CDATA[Retrieving object of type 'link' and value 'Purchase' from the object map
Retrieving object of type 'link' and value 'Purchase' from the object map
Retrieving object of type 'xpath' and value ' html/body/div[2]/div/div[1]/div[2]/a/img' from the object map
Retrieving object of type 'xpath' and value ' html/body/div[2]/div/div[1]/div[2]/a/img' from the object map
Retrieving object of type 'xpath' and value ' html/body/div[2]/div/div[1]/div[2]/a/img' from the object map
Retrieving object of type 'id' and value 'fields_fname' from the object map
Retrieving object of type 'id' and value 'fields_fname' from the object map
Retrieving object of type 'id' and value 'fields_fname' from the object map
Retrieving object of type 'id' and value 'fields_lname' from the object map
Retrieving object of type 'id' and value 'fields_lname' from the object map
Retrieving object of type 'id' and value 'fields_lname' from the object map
Retrieving object of type 'xpath' and value 'html/body/div[2]/div[1]/div[1]/div[1]/div/form/div[1]/div/div[1]/div[3]/input[1] ' from the object map
Retrieving object of type 'xpath' and value 'html/body/div[2]/div[1]/div[1]/div[1]/div/form/div[1]/div/div[1]/div[3]/input[1] ' from the object map
Retrieving object of type 'xpath' and value 'html/body/div[2]/div[1]/div[1]/div[1]/div/form/div[1]/div/div[1]/div[3]/input[1] ' from the object map
Retrieving object of type 'xpath' and value 'html/body/div[2]/div[1]/div[1]/div[1]/div/form/div[1]/div/div[1]/div[4]/input  ' from the object map
Retrieving object of type 'xpath' and value 'html/body/div[2]/div[1]/div[1]/div[1]/div/form/div[1]/div/div[1]/div[4]/input  ' from the object map
Retrieving object of type 'xpath' and value 'html/body/div[2]/div[1]/div[1]/div[1]/div/form/div[1]/div/div[1]/div[4]/input  ' from the object map
Retrieving object of type 'xpath' and value 'html/body/div[2]/div[1]/div[1]/div[1]/div/form/div[1]/div/div[1]/div[5]/div[1]/select' from the object map
Retrieving object of type 'xpath' and value 'html/body/div[2]/div[1]/div[1]/div[1]/div/form/div[1]/div/div[1]/div[5]/div[2]/input' from the object map
Retrieving object of type 'xpath' and value 'html/body/div[2]/div[1]/div[1]/div[1]/div/form/div[1]/div/div[1]/div[5]/div[2]/input' from the object map
Retrieving object of type 'xpath' and value 'html/body/div[2]/div[1]/div[1]/div[1]/div/form/div[1]/div/div[1]/div[5]/div[2]/input' from the object map
Retrieving object of type 'xpath' and value 'html/body/div[2]/div[1]/div[1]/div[1]/div/form/div[1]/div/div[1]/div[6]/div[1]/input' from the object map
Retrieving object of type 'xpath' and value 'html/body/div[2]/div[1]/div[1]/div[1]/div/form/div[1]/div/div[1]/div[6]/div[1]/input' from the object map
Retrieving object of type 'xpath' and value 'html/body/div[2]/div[1]/div[1]/div[1]/div/form/div[1]/div/div[1]/div[6]/div[1]/input' from the object map
Retrieving object of type 'xpath' and value 'html/body/div[2]/div[1]/div[1]/div[1]/div/form/div[1]/div/div[1]/div[6]/div[2]/input' from the object map
Retrieving object of type 'xpath' and value 'html/body/div[2]/div[1]/div[1]/div[1]/div/form/div[1]/div/div[1]/div[6]/div[2]/input' from the object map
Retrieving object of type 'xpath' and value 'html/body/div[2]/div[1]/div[1]/div[1]/div/form/div[1]/div/div[1]/div[6]/div[2]/input' from the object map
Retrieving object of type 'xpath' and value 'html/body/div[2]/div[1]/div[1]/div[1]/div/form/div[2]/div/div[1]/div[1]/div[3]/div[1]/div[1]/input' from the object map
Retrieving object of type 'xpath' and value 'html/body/div[2]/div[1]/div[1]/div[1]/div/form/div[2]/div/div[1]/div[1]/div[3]/div[1]/div[1]/input' from the object map
Retrieving object of type 'xpath' and value 'html/body/div[2]/div[1]/div[1]/div[1]/div/form/div[2]/div/div[1]/div[1]/div[3]/div[1]/div[1]/input' from the object map
Retrieving object of type 'xpath' and value 'html/body/div[2]/div[1]/div[1]/div[1]/div/form/div[2]/div/div[1]/div[1]/div[3]/div[2]/div[1]/select' from the object map
Retrieving object of type 'xpath' and value 'html/body/div[2]/div[1]/div[1]/div[1]/div/form/div[2]/div/div[1]/div[1]/div[3]/div[1]/div[2]/div[1]/select' from the object map
Retrieving object of type 'xpath' and value ' html/body/div[2]/div[1]/div[1]/div[1]/div/form/div[2]/div/div[1]/div[1]/div[3]/div[1]/div[2]/div[2]/select' from the object map
Retrieving object of type 'xpath' and value 'html/body/div[2]/div[1]/div[1]/div[1]/div/form/div[2]/div/div[1]/div[1]/div[3]/div[2]/div[2]/div[1]/input' from the object map
Retrieving object of type 'xpath' and value 'html/body/div[2]/div[1]/div[1]/div[1]/div/form/div[2]/div/div[1]/div[1]/div[3]/div[2]/div[2]/div[1]/input' from the object map
Retrieving object of type 'xpath' and value 'html/body/div[2]/div[1]/div[1]/div[1]/div/form/div[2]/div/div[1]/div[1]/div[3]/div[2]/div[2]/div[1]/input' from the object map
Retrieving object of type 'xpath' and value 'html/body/div[2]/div[1]/div[1]/div[1]/div/form/div[2]/div/div[2]/div[2]/input' from the object map
Retrieving object of type 'xpath' and value 'html/body/div[2]/div[1]/div[1]/div[1]/div/form/div[2]/div/div[2]/div[2]/input' from the object map
Retrieving object of type 'xpath' and value 'html/body/div[2]/div[1]/div[1]/div[1]/div/form/div[2]/div/div[2]/div[1]/div/a' from the object map
Retrieving object of type 'xpath' and value 'html/body/div[2]/div[1]/div[1]/div[1]/div/form/div[2]/div/div[2]/div[1]/div/a' from the object map
Retrieving object of type 'xpath' and value 'html/body/div[2]/div[1]/div[2]/div/div[2]' from the object map
]]></system-out>
  </testcase>
  <testcase name="buy1CheckoutTest" classname="com.totalgarciniadiscount.automation.Buy1CheckoutTest" time="17.82">
    <failure message="Unsucessful Transaction" type="java.lang.AssertionError">java.lang.AssertionError: Unsucessful Transaction
	at org.testng.Assert.fail(Assert.java:94)
	at com.totalgarciniadiscount.automation.Buy1CheckoutTest.buy1CheckoutTest(Buy1CheckoutTest.java:96)
</failure>
    <system-out><![CDATA[Retrieving object of type 'link' and value 'Purchase' from the object map
Retrieving object of type 'link' and value 'Purchase' from the object map
Retrieving object of type 'xpath' and value ' html/body/div[2]/div/div[1]/div[3]/a/img' from the object map
Retrieving object of type 'xpath' and value ' html/body/div[2]/div/div[1]/div[3]/a/img' from the object map
Retrieving object of type 'xpath' and value ' html/body/div[2]/div/div[1]/div[3]/a/img' from the object map
Retrieving object of type 'id' and value 'fields_fname' from the object map
Retrieving object of type 'id' and value 'fields_fname' from the object map
Retrieving object of type 'id' and value 'fields_fname' from the object map
Retrieving object of type 'id' and value 'fields_lname' from the object map
Retrieving object of type 'id' and value 'fields_lname' from the object map
Retrieving object of type 'id' and value 'fields_lname' from the object map
Retrieving object of type 'xpath' and value 'html/body/div[2]/div[1]/div[1]/div[1]/div/form/div[1]/div/div[1]/div[3]/input[1] ' from the object map
Retrieving object of type 'xpath' and value 'html/body/div[2]/div[1]/div[1]/div[1]/div/form/div[1]/div/div[1]/div[3]/input[1] ' from the object map
Retrieving object of type 'xpath' and value 'html/body/div[2]/div[1]/div[1]/div[1]/div/form/div[1]/div/div[1]/div[3]/input[1] ' from the object map
Retrieving object of type 'xpath' and value 'html/body/div[2]/div[1]/div[1]/div[1]/div/form/div[1]/div/div[1]/div[4]/input  ' from the object map
Retrieving object of type 'xpath' and value 'html/body/div[2]/div[1]/div[1]/div[1]/div/form/div[1]/div/div[1]/div[4]/input  ' from the object map
Retrieving object of type 'xpath' and value 'html/body/div[2]/div[1]/div[1]/div[1]/div/form/div[1]/div/div[1]/div[4]/input  ' from the object map
Retrieving object of type 'xpath' and value 'html/body/div[2]/div[1]/div[1]/div[1]/div/form/div[1]/div/div[1]/div[5]/div[1]/select' from the object map
Retrieving object of type 'xpath' and value 'html/body/div[2]/div[1]/div[1]/div[1]/div/form/div[1]/div/div[1]/div[5]/div[2]/input' from the object map
Retrieving object of type 'xpath' and value 'html/body/div[2]/div[1]/div[1]/div[1]/div/form/div[1]/div/div[1]/div[5]/div[2]/input' from the object map
Retrieving object of type 'xpath' and value 'html/body/div[2]/div[1]/div[1]/div[1]/div/form/div[1]/div/div[1]/div[5]/div[2]/input' from the object map
Retrieving object of type 'xpath' and value 'html/body/div[2]/div[1]/div[1]/div[1]/div/form/div[1]/div/div[1]/div[6]/div[1]/input' from the object map
Retrieving object of type 'xpath' and value 'html/body/div[2]/div[1]/div[1]/div[1]/div/form/div[1]/div/div[1]/div[6]/div[1]/input' from the object map
Retrieving object of type 'xpath' and value 'html/body/div[2]/div[1]/div[1]/div[1]/div/form/div[1]/div/div[1]/div[6]/div[1]/input' from the object map
Retrieving object of type 'xpath' and value 'html/body/div[2]/div[1]/div[1]/div[1]/div/form/div[1]/div/div[1]/div[6]/div[2]/input' from the object map
Retrieving object of type 'xpath' and value 'html/body/div[2]/div[1]/div[1]/div[1]/div/form/div[1]/div/div[1]/div[6]/div[2]/input' from the object map
Retrieving object of type 'xpath' and value 'html/body/div[2]/div[1]/div[1]/div[1]/div/form/div[1]/div/div[1]/div[6]/div[2]/input' from the object map
Retrieving object of type 'xpath' and value 'html/body/div[2]/div[1]/div[1]/div[1]/div/form/div[2]/div/div[1]/div[1]/div[3]/div[1]/div[1]/input' from the object map
Retrieving object of type 'xpath' and value 'html/body/div[2]/div[1]/div[1]/div[1]/div/form/div[2]/div/div[1]/div[1]/div[3]/div[1]/div[1]/input' from the object map
Retrieving object of type 'xpath' and value 'html/body/div[2]/div[1]/div[1]/div[1]/div/form/div[2]/div/div[1]/div[1]/div[3]/div[1]/div[1]/input' from the object map
Retrieving object of type 'xpath' and value 'html/body/div[2]/div[1]/div[1]/div[1]/div/form/div[2]/div/div[1]/div[1]/div[3]/div[2]/div[1]/select' from the object map
Retrieving object of type 'xpath' and value 'html/body/div[2]/div[1]/div[1]/div[1]/div/form/div[2]/div/div[1]/div[1]/div[3]/div[1]/div[2]/div[1]/select' from the object map
Retrieving object of type 'xpath' and value ' html/body/div[2]/div[1]/div[1]/div[1]/div/form/div[2]/div/div[1]/div[1]/div[3]/div[1]/div[2]/div[2]/select' from the object map
Retrieving object of type 'xpath' and value 'html/body/div[2]/div[1]/div[1]/div[1]/div/form/div[2]/div/div[1]/div[1]/div[3]/div[2]/div[2]/div[1]/input' from the object map
Retrieving object of type 'xpath' and value 'html/body/div[2]/div[1]/div[1]/div[1]/div/form/div[2]/div/div[1]/div[1]/div[3]/div[2]/div[2]/div[1]/input' from the object map
Retrieving object of type 'xpath' and value 'html/body/div[2]/div[1]/div[1]/div[1]/div/form/div[2]/div/div[1]/div[1]/div[3]/div[2]/div[2]/div[1]/input' from the object map
Retrieving object of type 'xpath' and value 'html/body/div[2]/div[1]/div[1]/div[1]/div/form/div[2]/div/div[2]/div[2]/input' from the object map
Retrieving object of type 'xpath' and value 'html/body/div[2]/div[1]/div[1]/div[1]/div/form/div[2]/div/div[2]/div[2]/input' from the object map
Retrieving object of type 'xpath' and value 'html/body/div[2]/div[1]/div[1]/div[1]/div/form/div[2]/div/div[2]/div[1]/div/a' from the object map
Retrieving object of type 'xpath' and value 'html/body/div[2]/div[1]/div[1]/div[1]/div/form/div[2]/div/div[2]/div[1]/div/a' from the object map
Retrieving object of type 'xpath' and value 'html/body/div[2]/div[1]/div[2]/div/div[2]' from the object map
]]></system-out>
  </testcase>
</testsuite>